Analysis & Synthesis report for yuequ
Mon Jul 16 17:28:48 2018
Quartus Prime Version 18.0.0 Build 614 04/24/2018 SJ Lite Edition


---------------------
; Table of Contents ;
---------------------
  1. Legal Notice
  2. Analysis & Synthesis Summary
  3. Analysis & Synthesis Settings
  4. Parallel Compilation
  5. Analysis & Synthesis Source Files Read
  6. Analysis & Synthesis Resource Usage Summary
  7. Analysis & Synthesis Resource Utilization by Entity
  8. User-Specified and Inferred Latches
  9. General Register Statistics
 10. Post-Synthesis Netlist Statistics for Top Partition
 11. Elapsed Time Per Partition
 12. Analysis & Synthesis Messages



----------------
; Legal Notice ;
----------------
Copyright (C) 2018  Intel Corporation. All rights reserved.
Your use of Intel Corporation's design tools, logic functions 
and other software and tools, and its AMPP partner logic 
functions, and any output files from any of the foregoing 
(including device programming or simulation files), and any 
associated documentation or information are expressly subject 
to the terms and conditions of the Intel Program License 
Subscription Agreement, the Intel Quartus Prime License Agreement,
the Intel FPGA IP License Agreement, or other applicable license
agreement, including, without limitation, that your use is for
the sole purpose of programming logic devices manufactured by
Intel and sold by Intel or its authorized distributors.  Please
refer to the applicable agreement for further details.



+----------------------------------------------------------------------------------+
; Analysis & Synthesis Summary                                                     ;
+------------------------------------+---------------------------------------------+
; Analysis & Synthesis Status        ; Successful - Mon Jul 16 17:28:48 2018       ;
; Quartus Prime Version              ; 18.0.0 Build 614 04/24/2018 SJ Lite Edition ;
; Revision Name                      ; yuequ                                       ;
; Top-level Entity Name              ; yuanlitu                                    ;
; Family                             ; Cyclone IV E                                ;
; Total logic elements               ; 91                                          ;
;     Total combinational functions  ; 91                                          ;
;     Dedicated logic registers      ; 25                                          ;
; Total registers                    ; 25                                          ;
; Total pins                         ; 19                                          ;
; Total virtual pins                 ; 0                                           ;
; Total memory bits                  ; 0                                           ;
; Embedded Multiplier 9-bit elements ; 0                                           ;
; Total PLLs                         ; 0                                           ;
+------------------------------------+---------------------------------------------+


+------------------------------------------------------------------------------------------------------------+
; Analysis & Synthesis Settings                                                                              ;
+------------------------------------------------------------------+--------------------+--------------------+
; Option                                                           ; Setting            ; Default Value      ;
+------------------------------------------------------------------+--------------------+--------------------+
; Device                                                           ; EP4CE6E22C8        ;                    ;
; Top-level entity name                                            ; yuanlitu           ; yuequ              ;
; Family name                                                      ; Cyclone IV E       ; Cyclone V          ;
; Use smart compilation                                            ; Off                ; Off                ;
; Enable parallel Assembler and Timing Analyzer during compilation ; On                 ; On                 ;
; Enable compact report table                                      ; Off                ; Off                ;
; Restructure Multiplexers                                         ; Auto               ; Auto               ;
; Create Debugging Nodes for IP Cores                              ; Off                ; Off                ;
; Preserve fewer node names                                        ; On                 ; On                 ;
; Intel FPGA IP Evaluation Mode                                    ; Enable             ; Enable             ;
; Verilog Version                                                  ; Verilog_2001       ; Verilog_2001       ;
; VHDL Version                                                     ; VHDL_1993          ; VHDL_1993          ;
; State Machine Processing                                         ; Auto               ; Auto               ;
; Safe State Machine                                               ; Off                ; Off                ;
; Extract Verilog State Machines                                   ; On                 ; On                 ;
; Extract VHDL State Machines                                      ; On                 ; On                 ;
; Ignore Verilog initial constructs                                ; Off                ; Off                ;
; Iteration limit for constant Verilog loops                       ; 5000               ; 5000               ;
; Iteration limit for non-constant Verilog loops                   ; 250                ; 250                ;
; Add Pass-Through Logic to Inferred RAMs                          ; On                 ; On                 ;
; Infer RAMs from Raw Logic                                        ; On                 ; On                 ;
; Parallel Synthesis                                               ; On                 ; On                 ;
; DSP Block Balancing                                              ; Auto               ; Auto               ;
; NOT Gate Push-Back                                               ; On                 ; On                 ;
; Power-Up Don't Care                                              ; On                 ; On                 ;
; Remove Redundant Logic Cells                                     ; Off                ; Off                ;
; Remove Duplicate Registers                                       ; On                 ; On                 ;
; Ignore CARRY Buffers                                             ; Off                ; Off                ;
; Ignore CASCADE Buffers                                           ; Off                ; Off                ;
; Ignore GLOBAL Buffers                                            ; Off                ; Off                ;
; Ignore ROW GLOBAL Buffers                                        ; Off                ; Off                ;
; Ignore LCELL Buffers                                             ; Off                ; Off                ;
; Ignore SOFT Buffers                                              ; On                 ; On                 ;
; Limit AHDL Integers to 32 Bits                                   ; Off                ; Off                ;
; Optimization Technique                                           ; Balanced           ; Balanced           ;
; Carry Chain Length                                               ; 70                 ; 70                 ;
; Auto Carry Chains                                                ; On                 ; On                 ;
; Auto Open-Drain Pins                                             ; On                 ; On                 ;
; Perform WYSIWYG Primitive Resynthesis                            ; Off                ; Off                ;
; Auto ROM Replacement                                             ; On                 ; On                 ;
; Auto RAM Replacement                                             ; On                 ; On                 ;
; Auto DSP Block Replacement                                       ; On                 ; On                 ;
; Auto Shift Register Replacement                                  ; Auto               ; Auto               ;
; Allow Shift Register Merging across Hierarchies                  ; Auto               ; Auto               ;
; Auto Clock Enable Replacement                                    ; On                 ; On                 ;
; Strict RAM Replacement                                           ; Off                ; Off                ;
; Allow Synchronous Control Signals                                ; On                 ; On                 ;
; Force Use of Synchronous Clear Signals                           ; Off                ; Off                ;
; Auto RAM Block Balancing                                         ; On                 ; On                 ;
; Auto RAM to Logic Cell Conversion                                ; Off                ; Off                ;
; Auto Resource Sharing                                            ; Off                ; Off                ;
; Allow Any RAM Size For Recognition                               ; Off                ; Off                ;
; Allow Any ROM Size For Recognition                               ; Off                ; Off                ;
; Allow Any Shift Register Size For Recognition                    ; Off                ; Off                ;
; Use LogicLock Constraints during Resource Balancing              ; On                 ; On                 ;
; Ignore translate_off and synthesis_off directives                ; Off                ; Off                ;
; Timing-Driven Synthesis                                          ; On                 ; On                 ;
; Report Parameter Settings                                        ; On                 ; On                 ;
; Report Source Assignments                                        ; On                 ; On                 ;
; Report Connectivity Checks                                       ; On                 ; On                 ;
; Ignore Maximum Fan-Out Assignments                               ; Off                ; Off                ;
; Synchronization Register Chain Length                            ; 2                  ; 2                  ;
; Power Optimization During Synthesis                              ; Normal compilation ; Normal compilation ;
; HDL message level                                                ; Level2             ; Level2             ;
; Suppress Register Optimization Related Messages                  ; Off                ; Off                ;
; Number of Removed Registers Reported in Synthesis Report         ; 5000               ; 5000               ;
; Number of Swept Nodes Reported in Synthesis Report               ; 5000               ; 5000               ;
; Number of Inverted Registers Reported in Synthesis Report        ; 100                ; 100                ;
; Clock MUX Protection                                             ; On                 ; On                 ;
; Auto Gated Clock Conversion                                      ; Off                ; Off                ;
; Block Design Naming                                              ; Auto               ; Auto               ;
; SDC constraint protection                                        ; Off                ; Off                ;
; Synthesis Effort                                                 ; Auto               ; Auto               ;
; Shift Register Replacement - Allow Asynchronous Clear Signal     ; On                 ; On                 ;
; Pre-Mapping Resynthesis Optimization                             ; Off                ; Off                ;
; Analysis & Synthesis Message Level                               ; Medium             ; Medium             ;
; Disable Register Merging Across Hierarchies                      ; Auto               ; Auto               ;
; Resource Aware Inference For Block RAM                           ; On                 ; On                 ;
+------------------------------------------------------------------+--------------------+--------------------+


+------------------------------------------+
; Parallel Compilation                     ;
+----------------------------+-------------+
; Processors                 ; Number      ;
+----------------------------+-------------+
; Number detected on machine ; 2           ;
; Maximum allowed            ; 2           ;
;                            ;             ;
; Average used               ; 1.00        ;
; Maximum used               ; 2           ;
;                            ;             ;
; Usage by Processor         ; % Time Used ;
;     Processor 1            ; 100.0%      ;
;     Processor 2            ;   0.0%      ;
+----------------------------+-------------+


+-------------------------------------------------------------------------------------------------------------------------------------------------------+
; Analysis & Synthesis Source Files Read                                                                                                                ;
+----------------------------------+-----------------+------------------------------------+---------------------------------------------------+---------+
; File Name with User-Entered Path ; Used in Netlist ; File Type                          ; File Name with Absolute Path                      ; Library ;
+----------------------------------+-----------------+------------------------------------+---------------------------------------------------+---------+
; music.vhd                        ; yes             ; User VHDL File                     ; //Mac/Home/Desktop/WIN10/yuequyanzou/music.vhd    ;         ;
; speakera.vhd                     ; yes             ; User VHDL File                     ; //Mac/Home/Desktop/WIN10/yuequyanzou/speakera.vhd ;         ;
; tonetaba.vhd                     ; yes             ; User VHDL File                     ; //Mac/Home/Desktop/WIN10/yuequyanzou/tonetaba.vhd ;         ;
; notetabs.vhd                     ; yes             ; User VHDL File                     ; //Mac/Home/Desktop/WIN10/yuequyanzou/notetabs.vhd ;         ;
; yuanlitu.bdf                     ; yes             ; User Block Diagram/Schematic File  ; //Mac/Home/Desktop/WIN10/yuequyanzou/yuanlitu.bdf ;         ;
+----------------------------------+-----------------+------------------------------------+---------------------------------------------------+---------+


+------------------------------------------------------------------------+
; Analysis & Synthesis Resource Usage Summary                            ;
+---------------------------------------------+--------------------------+
; Resource                                    ; Usage                    ;
+---------------------------------------------+--------------------------+
; Estimated Total logic elements              ; 91                       ;
;                                             ;                          ;
; Total combinational functions               ; 91                       ;
; Logic element usage by number of LUT inputs ;                          ;
;     -- 4 input functions                    ; 46                       ;
;     -- 3 input functions                    ; 23                       ;
;     -- <=2 input functions                  ; 22                       ;
;                                             ;                          ;
; Logic elements by mode                      ;                          ;
;     -- normal mode                          ; 76                       ;
;     -- arithmetic mode                      ; 15                       ;
;                                             ;                          ;
; Total registers                             ; 25                       ;
;     -- Dedicated logic registers            ; 25                       ;
;     -- I/O registers                        ; 0                        ;
;                                             ;                          ;
; I/O pins                                    ; 19                       ;
;                                             ;                          ;
; Embedded Multiplier 9-bit elements          ; 0                        ;
;                                             ;                          ;
; Maximum fan-out node                        ; notetabs:inst|counter[0] ;
; Maximum fan-out                             ; 20                       ;
; Total fan-out                               ; 398                      ;
; Average fan-out                             ; 2.58                     ;
+---------------------------------------------+--------------------------+


+-----------------------------------------------------------------------------------------------------------------------------------------------------------------------------------------------------------------------+
; Analysis & Synthesis Resource Utilization by Entity                                                                                                                                                                   ;
+----------------------------+---------------------+---------------------------+-------------+--------------+---------+-----------+------+--------------+----------------------------------+-------------+--------------+
; Compilation Hierarchy Node ; Combinational ALUTs ; Dedicated Logic Registers ; Memory Bits ; DSP Elements ; DSP 9x9 ; DSP 18x18 ; Pins ; Virtual Pins ; Full Hierarchy Name              ; Entity Name ; Library Name ;
+----------------------------+---------------------+---------------------------+-------------+--------------+---------+-----------+------+--------------+----------------------------------+-------------+--------------+
; |yuanlitu                  ; 91 (1)              ; 25 (0)                    ; 0           ; 0            ; 0       ; 0         ; 19   ; 0            ; |yuanlitu                        ; yuanlitu    ; work         ;
;    |notetabs:inst|         ; 40 (10)             ; 7 (7)                     ; 0           ; 0            ; 0       ; 0         ; 0    ; 0            ; |yuanlitu|notetabs:inst          ; notetabs    ; work         ;
;       |music:U1|           ; 30 (30)             ; 0 (0)                     ; 0           ; 0            ; 0       ; 0         ; 0    ; 0            ; |yuanlitu|notetabs:inst|music:U1 ; music       ; work         ;
;    |speakera:inst2|        ; 21 (21)             ; 18 (18)                   ; 0           ; 0            ; 0       ; 0         ; 0    ; 0            ; |yuanlitu|speakera:inst2         ; speakera    ; work         ;
;    |tonetaba:inst1|        ; 29 (29)             ; 0 (0)                     ; 0           ; 0            ; 0       ; 0         ; 0    ; 0            ; |yuanlitu|tonetaba:inst1         ; tonetaba    ; work         ;
+----------------------------+---------------------+---------------------------+-------------+--------------+---------+-----------+------+--------------+----------------------------------+-------------+--------------+
Note: For table entries with two numbers listed, the numbers in parentheses indicate the number of resources of the given type used by the specific entity alone. The numbers listed outside of parentheses indicate the total resources of the given type used by the specific entity and all of its sub-entities in the hierarchy.


+----------------------------------------------------------------------------------------------------+
; User-Specified and Inferred Latches                                                                ;
+-----------------------------------------------------+---------------------+------------------------+
; Latch Name                                          ; Latch Enable Signal ; Free of Timing Hazards ;
+-----------------------------------------------------+---------------------+------------------------+
; tonetaba:inst1|highi                                ; tonetaba:inst1|Mux4 ; yes                    ;
; tonetaba:inst1|code[2]                              ; tonetaba:inst1|Mux4 ; yes                    ;
; tonetaba:inst1|code[1]                              ; tonetaba:inst1|Mux4 ; yes                    ;
; tonetaba:inst1|code[0]                              ; tonetaba:inst1|Mux4 ; yes                    ;
; tonetaba:inst1|tone[0]                              ; tonetaba:inst1|Mux4 ; yes                    ;
; tonetaba:inst1|tone[1]                              ; tonetaba:inst1|Mux4 ; yes                    ;
; tonetaba:inst1|tone[2]                              ; tonetaba:inst1|Mux4 ; yes                    ;
; tonetaba:inst1|tone[3]                              ; tonetaba:inst1|Mux4 ; yes                    ;
; tonetaba:inst1|tone[4]                              ; tonetaba:inst1|Mux4 ; yes                    ;
; tonetaba:inst1|tone[5]                              ; tonetaba:inst1|Mux4 ; yes                    ;
; tonetaba:inst1|tone[6]                              ; tonetaba:inst1|Mux4 ; yes                    ;
; tonetaba:inst1|tone[7]                              ; tonetaba:inst1|Mux4 ; yes                    ;
; tonetaba:inst1|tone[8]                              ; tonetaba:inst1|Mux4 ; yes                    ;
; tonetaba:inst1|tone[9]                              ; tonetaba:inst1|Mux4 ; yes                    ;
; tonetaba:inst1|tone[10]                             ; tonetaba:inst1|Mux4 ; yes                    ;
; Number of user-specified and inferred latches = 15  ;                     ;                        ;
+-----------------------------------------------------+---------------------+------------------------+
Note: All latches listed above may not be present at the end of synthesis due to various synthesis optimizations.


+------------------------------------------------------+
; General Register Statistics                          ;
+----------------------------------------------+-------+
; Statistic                                    ; Value ;
+----------------------------------------------+-------+
; Total registers                              ; 25    ;
; Number of registers using Synchronous Clear  ; 0     ;
; Number of registers using Synchronous Load   ; 11    ;
; Number of registers using Asynchronous Clear ; 11    ;
; Number of registers using Asynchronous Load  ; 0     ;
; Number of registers using Clock Enable       ; 0     ;
; Number of registers using Preset             ; 0     ;
+----------------------------------------------+-------+


+-----------------------------------------------------+
; Post-Synthesis Netlist Statistics for Top Partition ;
+-----------------------+-----------------------------+
; Type                  ; Count                       ;
+-----------------------+-----------------------------+
; boundary_port         ; 19                          ;
; cycloneiii_ff         ; 25                          ;
;     CLR               ; 11                          ;
;     SLD               ; 11                          ;
;     plain             ; 3                           ;
; cycloneiii_lcell_comb ; 93                          ;
;     arith             ; 15                          ;
;         2 data inputs ; 14                          ;
;         3 data inputs ; 1                           ;
;     normal            ; 78                          ;
;         0 data inputs ; 2                           ;
;         1 data inputs ; 6                           ;
;         2 data inputs ; 2                           ;
;         3 data inputs ; 22                          ;
;         4 data inputs ; 46                          ;
;                       ;                             ;
; Max LUT depth         ; 6.00                        ;
; Average LUT depth     ; 3.29                        ;
+-----------------------+-----------------------------+


+-------------------------------+
; Elapsed Time Per Partition    ;
+----------------+--------------+
; Partition Name ; Elapsed Time ;
+----------------+--------------+
; Top            ; 00:00:02     ;
+----------------+--------------+


+-------------------------------+
; Analysis & Synthesis Messages ;
+-------------------------------+
Info: *******************************************************************
Info: Running Quartus Prime Analysis & Synthesis
    Info: Version 18.0.0 Build 614 04/24/2018 SJ Lite Edition
    Info: Processing started: Mon Jul 16 17:28:16 2018
Info: Command: quartus_map --read_settings_files=on --write_settings_files=off yuequ -c yuequ
Warning (18236): Number of processors has not been specified which may cause overloading on shared machines.  Set the global assignment NUM_PARALLEL_PROCESSORS in your QSF to an appropriate value for best performance.
Info (20030): Parallel compilation is enabled and will use 2 of the 2 processors detected
Info (12021): Found 2 design units, including 1 entities, in source file music.vhd
    Info (12022): Found design unit 1: music-one File: //Mac/Home/Desktop/WIN10/yuequyanzou/music.vhd Line: 9
    Info (12023): Found entity 1: music File: //Mac/Home/Desktop/WIN10/yuequyanzou/music.vhd Line: 4
Info (12021): Found 2 design units, including 1 entities, in source file songer.vhd
    Info (12022): Found design unit 1: songer-one File: //Mac/Home/Desktop/WIN10/yuequyanzou/songer.vhd Line: 13
    Info (12023): Found entity 1: songer File: //Mac/Home/Desktop/WIN10/yuequyanzou/songer.vhd Line: 3
Info (12021): Found 2 design units, including 1 entities, in source file speakera.vhd
    Info (12022): Found design unit 1: speakera-one File: //Mac/Home/Desktop/WIN10/yuequyanzou/speakera.vhd Line: 10
    Info (12023): Found entity 1: speakera File: //Mac/Home/Desktop/WIN10/yuequyanzou/speakera.vhd Line: 5
Info (12021): Found 2 design units, including 1 entities, in source file tonetaba.vhd
    Info (12022): Found design unit 1: tonetaba-one File: //Mac/Home/Desktop/WIN10/yuequyanzou/tonetaba.vhd Line: 10
    Info (12023): Found entity 1: tonetaba File: //Mac/Home/Desktop/WIN10/yuequyanzou/tonetaba.vhd Line: 3
Info (12021): Found 2 design units, including 1 entities, in source file notetabs.vhd
    Info (12022): Found design unit 1: notetabs-one File: //Mac/Home/Desktop/WIN10/yuequyanzou/notetabs.vhd Line: 9
    Info (12023): Found entity 1: notetabs File: //Mac/Home/Desktop/WIN10/yuequyanzou/notetabs.vhd Line: 5
Info (12021): Found 1 design units, including 1 entities, in source file yuanlitu.bdf
    Info (12023): Found entity 1: yuanlitu
Info (12021): Found 2 design units, including 1 entities, in source file zidongfenpin.vhd
    Info (12022): Found design unit 1: zidongfenpin-one File: //Mac/Home/Desktop/WIN10/yuequyanzou/zidongfenpin.vhd Line: 10
    Info (12023): Found entity 1: zidongfenpin File: //Mac/Home/Desktop/WIN10/yuequyanzou/zidongfenpin.vhd Line: 5
Info (12021): Found 2 design units, including 1 entities, in source file digit_led.vhd
    Info (12022): Found design unit 1: digit_led-digit_led_arch File: //Mac/Home/Desktop/WIN10/yuequyanzou/digit_led.vhd Line: 15
    Info (12023): Found entity 1: digit_led File: //Mac/Home/Desktop/WIN10/yuequyanzou/digit_led.vhd Line: 5
Info (12021): Found 2 design units, including 1 entities, in source file shumaguan_shuchu.vhd
    Info (12022): Found design unit 1: shumaguan_shuchu-one File: //Mac/Home/Desktop/WIN10/yuequyanzou/shumaguan_shuchu.vhd Line: 13
    Info (12023): Found entity 1: shumaguan_shuchu File: //Mac/Home/Desktop/WIN10/yuequyanzou/shumaguan_shuchu.vhd Line: 4
Info (12021): Found 2 design units, including 1 entities, in source file aaa.vhd
    Info (12022): Found design unit 1: aaa-SYN File: //Mac/Home/Desktop/WIN10/yuequyanzou/AAA.vhd Line: 53
    Info (12023): Found entity 1: AAA File: //Mac/Home/Desktop/WIN10/yuequyanzou/AAA.vhd Line: 42
Info (12127): Elaborating entity "yuanlitu" for the top level hierarchy
Warning (275043): Pin "pin_name5" is missing source
Warning (275043): Pin "pin_name6" is missing source
Info (12128): Elaborating entity "tonetaba" for hierarchy "tonetaba:inst1"
Warning (10631): VHDL Process Statement warning at tonetaba.vhd(12): inferring latch(es) for signal or variable "tone", which holds its previous value in one or more paths through the process File: //Mac/Home/Desktop/WIN10/yuequyanzou/tonetaba.vhd Line: 12
Warning (10631): VHDL Process Statement warning at tonetaba.vhd(12): inferring latch(es) for signal or variable "code", which holds its previous value in one or more paths through the process File: //Mac/Home/Desktop/WIN10/yuequyanzou/tonetaba.vhd Line: 12
Warning (10631): VHDL Process Statement warning at tonetaba.vhd(12): inferring latch(es) for signal or variable "highi", which holds its previous value in one or more paths through the process File: //Mac/Home/Desktop/WIN10/yuequyanzou/tonetaba.vhd Line: 12
Info (10041): Inferred latch for "highi" at tonetaba.vhd(12) File: //Mac/Home/Desktop/WIN10/yuequyanzou/tonetaba.vhd Line: 12
Info (10041): Inferred latch for "code[0]" at tonetaba.vhd(12) File: //Mac/Home/Desktop/WIN10/yuequyanzou/tonetaba.vhd Line: 12
Info (10041): Inferred latch for "code[1]" at tonetaba.vhd(12) File: //Mac/Home/Desktop/WIN10/yuequyanzou/tonetaba.vhd Line: 12
Info (10041): Inferred latch for "code[2]" at tonetaba.vhd(12) File: //Mac/Home/Desktop/WIN10/yuequyanzou/tonetaba.vhd Line: 12
Info (10041): Inferred latch for "code[3]" at tonetaba.vhd(12) File: //Mac/Home/Desktop/WIN10/yuequyanzou/tonetaba.vhd Line: 12
Info (10041): Inferred latch for "tone[0]" at tonetaba.vhd(12) File: //Mac/Home/Desktop/WIN10/yuequyanzou/tonetaba.vhd Line: 12
Info (10041): Inferred latch for "tone[1]" at tonetaba.vhd(12) File: //Mac/Home/Desktop/WIN10/yuequyanzou/tonetaba.vhd Line: 12
Info (10041): Inferred latch for "tone[2]" at tonetaba.vhd(12) File: //Mac/Home/Desktop/WIN10/yuequyanzou/tonetaba.vhd Line: 12
Info (10041): Inferred latch for "tone[3]" at tonetaba.vhd(12) File: //Mac/Home/Desktop/WIN10/yuequyanzou/tonetaba.vhd Line: 12
Info (10041): Inferred latch for "tone[4]" at tonetaba.vhd(12) File: //Mac/Home/Desktop/WIN10/yuequyanzou/tonetaba.vhd Line: 12
Info (10041): Inferred latch for "tone[5]" at tonetaba.vhd(12) File: //Mac/Home/Desktop/WIN10/yuequyanzou/tonetaba.vhd Line: 12
Info (10041): Inferred latch for "tone[6]" at tonetaba.vhd(12) File: //Mac/Home/Desktop/WIN10/yuequyanzou/tonetaba.vhd Line: 12
Info (10041): Inferred latch for "tone[7]" at tonetaba.vhd(12) File: //Mac/Home/Desktop/WIN10/yuequyanzou/tonetaba.vhd Line: 12
Info (10041): Inferred latch for "tone[8]" at tonetaba.vhd(12) File: //Mac/Home/Desktop/WIN10/yuequyanzou/tonetaba.vhd Line: 12
Info (10041): Inferred latch for "tone[9]" at tonetaba.vhd(12) File: //Mac/Home/Desktop/WIN10/yuequyanzou/tonetaba.vhd Line: 12
Info (10041): Inferred latch for "tone[10]" at tonetaba.vhd(12) File: //Mac/Home/Desktop/WIN10/yuequyanzou/tonetaba.vhd Line: 12
Info (12128): Elaborating entity "notetabs" for hierarchy "notetabs:inst"
Info (12128): Elaborating entity "music" for hierarchy "notetabs:inst|music:U1" File: //Mac/Home/Desktop/WIN10/yuequyanzou/notetabs.vhd Line: 23
Info (12128): Elaborating entity "speakera" for hierarchy "speakera:inst2"
Warning (13012): Latch tonetaba:inst1|highi has unsafe behavior File: //Mac/Home/Desktop/WIN10/yuequyanzou/tonetaba.vhd Line: 6
    Warning (13013): Ports D and ENA on the latch are fed by the same signal notetabs:inst|counter[6] File: //Mac/Home/Desktop/WIN10/yuequyanzou/notetabs.vhd Line: 20
Warning (13012): Latch tonetaba:inst1|code[2] has unsafe behavior File: //Mac/Home/Desktop/WIN10/yuequyanzou/tonetaba.vhd Line: 12
    Warning (13013): Ports D and ENA on the latch are fed by the same signal notetabs:inst|counter[6] File: //Mac/Home/Desktop/WIN10/yuequyanzou/notetabs.vhd Line: 20
Warning (13012): Latch tonetaba:inst1|code[1] has unsafe behavior File: //Mac/Home/Desktop/WIN10/yuequyanzou/tonetaba.vhd Line: 12
    Warning (13013): Ports D and ENA on the latch are fed by the same signal notetabs:inst|counter[6] File: //Mac/Home/Desktop/WIN10/yuequyanzou/notetabs.vhd Line: 20
Warning (13012): Latch tonetaba:inst1|code[0] has unsafe behavior File: //Mac/Home/Desktop/WIN10/yuequyanzou/tonetaba.vhd Line: 12
    Warning (13013): Ports D and ENA on the latch are fed by the same signal notetabs:inst|counter[6] File: //Mac/Home/Desktop/WIN10/yuequyanzou/notetabs.vhd Line: 20
Warning (13012): Latch tonetaba:inst1|tone[0] has unsafe behavior File: //Mac/Home/Desktop/WIN10/yuequyanzou/tonetaba.vhd Line: 12
    Warning (13013): Ports D and ENA on the latch are fed by the same signal notetabs:inst|counter[6] File: //Mac/Home/Desktop/WIN10/yuequyanzou/notetabs.vhd Line: 20
Warning (13012): Latch tonetaba:inst1|tone[1] has unsafe behavior File: //Mac/Home/Desktop/WIN10/yuequyanzou/tonetaba.vhd Line: 12
    Warning (13013): Ports D and ENA on the latch are fed by the same signal notetabs:inst|counter[6] File: //Mac/Home/Desktop/WIN10/yuequyanzou/notetabs.vhd Line: 20
Warning (13012): Latch tonetaba:inst1|tone[2] has unsafe behavior File: //Mac/Home/Desktop/WIN10/yuequyanzou/tonetaba.vhd Line: 12
    Warning (13013): Ports D and ENA on the latch are fed by the same signal notetabs:inst|counter[6] File: //Mac/Home/Desktop/WIN10/yuequyanzou/notetabs.vhd Line: 20
Warning (13012): Latch tonetaba:inst1|tone[3] has unsafe behavior File: //Mac/Home/Desktop/WIN10/yuequyanzou/tonetaba.vhd Line: 12
    Warning (13013): Ports D and ENA on the latch are fed by the same signal notetabs:inst|counter[6] File: //Mac/Home/Desktop/WIN10/yuequyanzou/notetabs.vhd Line: 20
Warning (13012): Latch tonetaba:inst1|tone[4] has unsafe behavior File: //Mac/Home/Desktop/WIN10/yuequyanzou/tonetaba.vhd Line: 12
    Warning (13013): Ports D and ENA on the latch are fed by the same signal notetabs:inst|counter[6] File: //Mac/Home/Desktop/WIN10/yuequyanzou/notetabs.vhd Line: 20
Warning (13012): Latch tonetaba:inst1|tone[5] has unsafe behavior File: //Mac/Home/Desktop/WIN10/yuequyanzou/tonetaba.vhd Line: 12
    Warning (13013): Ports D and ENA on the latch are fed by the same signal notetabs:inst|counter[6] File: //Mac/Home/Desktop/WIN10/yuequyanzou/notetabs.vhd Line: 20
Warning (13012): Latch tonetaba:inst1|tone[6] has unsafe behavior File: //Mac/Home/Desktop/WIN10/yuequyanzou/tonetaba.vhd Line: 12
    Warning (13013): Ports D and ENA on the latch are fed by the same signal notetabs:inst|counter[6] File: //Mac/Home/Desktop/WIN10/yuequyanzou/notetabs.vhd Line: 20
Warning (13012): Latch tonetaba:inst1|tone[7] has unsafe behavior File: //Mac/Home/Desktop/WIN10/yuequyanzou/tonetaba.vhd Line: 12
    Warning (13013): Ports D and ENA on the latch are fed by the same signal notetabs:inst|counter[6] File: //Mac/Home/Desktop/WIN10/yuequyanzou/notetabs.vhd Line: 20
Warning (13012): Latch tonetaba:inst1|tone[8] has unsafe behavior File: //Mac/Home/Desktop/WIN10/yuequyanzou/tonetaba.vhd Line: 12
    Warning (13013): Ports D and ENA on the latch are fed by the same signal notetabs:inst|counter[6] File: //Mac/Home/Desktop/WIN10/yuequyanzou/notetabs.vhd Line: 20
Warning (13012): Latch tonetaba:inst1|tone[9] has unsafe behavior File: //Mac/Home/Desktop/WIN10/yuequyanzou/tonetaba.vhd Line: 12
    Warning (13013): Ports D and ENA on the latch are fed by the same signal notetabs:inst|counter[6] File: //Mac/Home/Desktop/WIN10/yuequyanzou/notetabs.vhd Line: 20
Warning (13012): Latch tonetaba:inst1|tone[10] has unsafe behavior File: //Mac/Home/Desktop/WIN10/yuequyanzou/tonetaba.vhd Line: 12
    Warning (13013): Ports D and ENA on the latch are fed by the same signal notetabs:inst|counter[6] File: //Mac/Home/Desktop/WIN10/yuequyanzou/notetabs.vhd Line: 20
Warning (13024): Output pins are stuck at VCC or GND
    Warning (13410): Pin "pin_name1" is stuck at VCC
    Warning (13410): Pin "pin_name2" is stuck at VCC
    Warning (13410): Pin "pin_name3" is stuck at VCC
    Warning (13410): Pin "pin_name4" is stuck at VCC
    Warning (13410): Pin "pin_name5" is stuck at GND
    Warning (13410): Pin "pin_name6" is stuck at GND
    Warning (13410): Pin "pin_name7" is stuck at VCC
    Warning (13410): Pin "pin_name8" is stuck at VCC
    Warning (13410): Pin "pin_name9" is stuck at VCC
    Warning (13410): Pin "pin_name10" is stuck at VCC
    Warning (13410): Pin "pin_name11" is stuck at VCC
    Warning (13410): Pin "code[3]" is stuck at GND
Info (286030): Timing-Driven Synthesis is running
Info (16010): Generating hard_block partition "hard_block:auto_generated_inst"
    Info (16011): Adding 0 node(s), including 0 DDIO, 0 PLL, 0 transceiver and 0 LCELL
Info (21057): Implemented 111 device resources after synthesis - the final resource count might be different
    Info (21058): Implemented 2 input pins
    Info (21059): Implemented 17 output pins
    Info (21061): Implemented 92 logic cells
Info: Quartus Prime Analysis & Synthesis was successful. 0 errors, 49 warnings
    Info: Peak virtual memory: 4808 megabytes
    Info: Processing ended: Mon Jul 16 17:28:48 2018
    Info: Elapsed time: 00:00:32
    Info: Total CPU time (on all processors): 00:00:43


