Flow report for shuzizhong
Sat Jul 07 16:14:00 2018
Quartus Prime Version 18.0.0 Build 614 04/24/2018 SJ Lite Edition


---------------------
; Table of Contents ;
---------------------
  1. Legal Notice
  2. Flow Summary
  3. Flow Settings
  4. Flow Non-Default Global Settings
  5. Flow Elapsed Time
  6. Flow OS Summary
  7. Flow Log
  8. Flow Messages
  9. Flow Suppressed Messages



----------------
; Legal Notice ;
----------------
Copyright (C) 2018  Intel Corporation. All rights reserved.
Your use of Intel Corporation's design tools, logic functions 
and other software and tools, and its AMPP partner logic 
functions, and any output files from any of the foregoing 
(including device programming or simulation files), and any 
associated documentation or information are expressly subject 
to the terms and conditions of the Intel Program License 
Subscription Agreement, the Intel Quartus Prime License Agreement,
the Intel FPGA IP License Agreement, or other applicable license
agreement, including, without limitation, that your use is for
the sole purpose of programming logic devices manufactured by
Intel and sold by Intel or its authorized distributors.  Please
refer to the applicable agreement for further details.



+----------------------------------------------------------------------------------+
; Flow Summary                                                                     ;
+------------------------------------+---------------------------------------------+
; Flow Status                        ; Successful - Sat Jul 07 16:14:00 2018       ;
; Quartus Prime Version              ; 18.0.0 Build 614 04/24/2018 SJ Lite Edition ;
; Revision Name                      ; shuzizhong                                  ;
; Top-level Entity Name              ; szz                                         ;
; Family                             ; Cyclone IV E                                ;
; Device                             ; EP4CE6E22C8                                 ;
; Timing Models                      ; Final                                       ;
; Total logic elements               ; 141 / 6,272 ( 2 % )                         ;
;     Total combinational functions  ; 137 / 6,272 ( 2 % )                         ;
;     Dedicated logic registers      ; 60 / 6,272 ( < 1 % )                        ;
; Total registers                    ; 60                                          ;
; Total pins                         ; 18 / 92 ( 20 % )                            ;
; Total virtual pins                 ; 0                                           ;
; Total memory bits                  ; 0 / 276,480 ( 0 % )                         ;
; Embedded Multiplier 9-bit elements ; 0 / 30 ( 0 % )                              ;
; Total PLLs                         ; 0 / 2 ( 0 % )                               ;
+------------------------------------+---------------------------------------------+


+-----------------------------------------+
; Flow Settings                           ;
+-------------------+---------------------+
; Option            ; Setting             ;
+-------------------+---------------------+
; Start date & time ; 07/06/2018 20:40:41 ;
; Main task         ; Compilation         ;
; Revision Name     ; shuzizhong          ;
+-------------------+---------------------+


+-------------------------------------------------------------------------------------------------------------------------+
; Flow Non-Default Global Settings                                                                                        ;
+-------------------------------------+----------------------------------------+---------------+-------------+------------+
; Assignment Name                     ; Value                                  ; Default Value ; Entity Name ; Section Id ;
+-------------------------------------+----------------------------------------+---------------+-------------+------------+
; COMPILER_SIGNATURE_ID               ; 121372357168.153088084108052           ; --            ; --          ; --         ;
; MAX_CORE_JUNCTION_TEMP              ; 85                                     ; --            ; --          ; --         ;
; MIN_CORE_JUNCTION_TEMP              ; 0                                      ; --            ; --          ; --         ;
; PARTITION_COLOR                     ; -- (Not supported for targeted family) ; --            ; szz         ; Top        ;
; PARTITION_FITTER_PRESERVATION_LEVEL ; -- (Not supported for targeted family) ; --            ; szz         ; Top        ;
; PARTITION_NETLIST_TYPE              ; -- (Not supported for targeted family) ; --            ; szz         ; Top        ;
; PROJECT_OUTPUT_DIRECTORY            ; output_files                           ; --            ; --          ; --         ;
; TOP_LEVEL_ENTITY                    ; szz                                    ; shuzizhong    ; --          ; --         ;
+-------------------------------------+----------------------------------------+---------------+-------------+------------+


+-----------------------------------------------------------------------------------------------------------------------------+
; Flow Elapsed Time                                                                                                           ;
+-------------------------+--------------+-------------------------+---------------------+------------------------------------+
; Module Name             ; Elapsed Time ; Average Processors Used ; Peak Virtual Memory ; Total CPU Time (on all processors) ;
+-------------------------+--------------+-------------------------+---------------------+------------------------------------+
; Analysis & Synthesis    ; 00:00:41     ; 1.0                     ; 4820 MB             ; 00:00:39                           ;
; Fitter                  ; 00:00:12     ; 1.0                     ; 5266 MB             ; 00:00:09                           ;
; Assembler               ; 00:00:01     ; 1.0                     ; 4689 MB             ; 00:00:01                           ;
; Timing Analyzer         ; 00:00:04     ; 1.0                     ; 4750 MB             ; 00:00:04                           ;
; I/O Assignment Analysis ; 00:00:03     ; 1.0                     ; 4966 MB             ; 00:00:03                           ;
; EDA Netlist Writer      ; 00:00:01     ; 1.0                     ; 4638 MB             ; 00:00:01                           ;
; EDA Netlist Writer      ; 00:00:01     ; 1.0                     ; 4652 MB             ; 00:00:01                           ;
; Total                   ; 00:01:03     ; --                      ; --                  ; 00:00:58                           ;
+-------------------------+--------------+-------------------------+---------------------+------------------------------------+


+---------------------------------------------------------------------------------------+
; Flow OS Summary                                                                       ;
+-------------------------+------------------+------------+------------+----------------+
; Module Name             ; Machine Hostname ; OS Name    ; OS Version ; Processor type ;
+-------------------------+------------------+------------+------------+----------------+
; Analysis & Synthesis    ; YISHEND87F       ; Windows 10 ; 10.0       ; x86_64         ;
; Fitter                  ; YISHEND87F       ; Windows 10 ; 10.0       ; x86_64         ;
; Assembler               ; YISHEND87F       ; Windows 10 ; 10.0       ; x86_64         ;
; Timing Analyzer         ; YISHEND87F       ; Windows 10 ; 10.0       ; x86_64         ;
; I/O Assignment Analysis ; YISHEND87F       ; Windows 10 ; 10.0       ; x86_64         ;
; EDA Netlist Writer      ; YISHEND87F       ; Windows 10 ; 10.0       ; x86_64         ;
; EDA Netlist Writer      ; YISHEND87F       ; Windows 10 ; 10.0       ; x86_64         ;
+-------------------------+------------------+------------+------------+----------------+


------------
; Flow Log ;
------------
quartus_map --read_settings_files=on --write_settings_files=off shuzizhong -c shuzizhong
quartus_fit --read_settings_files=off --write_settings_files=off shuzizhong -c shuzizhong
quartus_asm --read_settings_files=off --write_settings_files=off shuzizhong -c shuzizhong
quartus_sta shuzizhong -c shuzizhong
quartus_fit --read_settings_files=on --write_settings_files=off shuzizhong -c shuzizhong --plan
quartus_eda --gen_testbench --tool=modelsim_oem --format=vhdl --write_settings_files=off shuzizhong -c shuzizhong --vector_source=//Mac/Home/Desktop/WIN10/shuzizhong/Waveform1.vwf --testbench_file=//Mac/Home/Desktop/WIN10/shuzizhong/simulation/qsim/Waveform1.vwf.vht
quartus_eda --write_settings_files=off --simulation=on --functional=on --flatten_buses=off --tool=modelsim_oem --format=vhdl --output_directory=//Mac/Home/Desktop/WIN10/shuzizhong/simulation/qsim/ shuzizhong -c shuzizhong



