Analysis & Synthesis report for shuzizhong
Fri Jul 06 20:41:22 2018
Quartus Prime Version 18.0.0 Build 614 04/24/2018 SJ Lite Edition


---------------------
; Table of Contents ;
---------------------
  1. Legal Notice
  2. Analysis & Synthesis Summary
  3. Analysis & Synthesis Settings
  4. Parallel Compilation
  5. Analysis & Synthesis Source Files Read
  6. Analysis & Synthesis Resource Usage Summary
  7. Analysis & Synthesis Resource Utilization by Entity
  8. User-Specified and Inferred Latches
  9. Registers Removed During Synthesis
 10. General Register Statistics
 11. Inverted Register Statistics
 12. Multiplexer Restructuring Statistics (Restructuring Performed)
 13. Port Connectivity Checks: "counter:u3"
 14. Post-Synthesis Netlist Statistics for Top Partition
 15. Elapsed Time Per Partition
 16. Analysis & Synthesis Messages



----------------
; Legal Notice ;
----------------
Copyright (C) 2018  Intel Corporation. All rights reserved.
Your use of Intel Corporation's design tools, logic functions 
and other software and tools, and its AMPP partner logic 
functions, and any output files from any of the foregoing 
(including device programming or simulation files), and any 
associated documentation or information are expressly subject 
to the terms and conditions of the Intel Program License 
Subscription Agreement, the Intel Quartus Prime License Agreement,
the Intel FPGA IP License Agreement, or other applicable license
agreement, including, without limitation, that your use is for
the sole purpose of programming logic devices manufactured by
Intel and sold by Intel or its authorized distributors.  Please
refer to the applicable agreement for further details.



+----------------------------------------------------------------------------------+
; Analysis & Synthesis Summary                                                     ;
+------------------------------------+---------------------------------------------+
; Analysis & Synthesis Status        ; Successful - Fri Jul 06 20:41:22 2018       ;
; Quartus Prime Version              ; 18.0.0 Build 614 04/24/2018 SJ Lite Edition ;
; Revision Name                      ; shuzizhong                                  ;
; Top-level Entity Name              ; szz                                         ;
; Family                             ; Cyclone IV E                                ;
; Total logic elements               ; 137                                         ;
;     Total combinational functions  ; 136                                         ;
;     Dedicated logic registers      ; 60                                          ;
; Total registers                    ; 60                                          ;
; Total pins                         ; 18                                          ;
; Total virtual pins                 ; 0                                           ;
; Total memory bits                  ; 0                                           ;
; Embedded Multiplier 9-bit elements ; 0                                           ;
; Total PLLs                         ; 0                                           ;
+------------------------------------+---------------------------------------------+


+------------------------------------------------------------------------------------------------------------+
; Analysis & Synthesis Settings                                                                              ;
+------------------------------------------------------------------+--------------------+--------------------+
; Option                                                           ; Setting            ; Default Value      ;
+------------------------------------------------------------------+--------------------+--------------------+
; Device                                                           ; EP4CE6E22C8        ;                    ;
; Top-level entity name                                            ; szz                ; shuzizhong         ;
; Family name                                                      ; Cyclone IV E       ; Cyclone V          ;
; Use smart compilation                                            ; Off                ; Off                ;
; Enable parallel Assembler and Timing Analyzer during compilation ; On                 ; On                 ;
; Enable compact report table                                      ; Off                ; Off                ;
; Restructure Multiplexers                                         ; Auto               ; Auto               ;
; Create Debugging Nodes for IP Cores                              ; Off                ; Off                ;
; Preserve fewer node names                                        ; On                 ; On                 ;
; Intel FPGA IP Evaluation Mode                                    ; Enable             ; Enable             ;
; Verilog Version                                                  ; Verilog_2001       ; Verilog_2001       ;
; VHDL Version                                                     ; VHDL_1993          ; VHDL_1993          ;
; State Machine Processing                                         ; Auto               ; Auto               ;
; Safe State Machine                                               ; Off                ; Off                ;
; Extract Verilog State Machines                                   ; On                 ; On                 ;
; Extract VHDL State Machines                                      ; On                 ; On                 ;
; Ignore Verilog initial constructs                                ; Off                ; Off                ;
; Iteration limit for constant Verilog loops                       ; 5000               ; 5000               ;
; Iteration limit for non-constant Verilog loops                   ; 250                ; 250                ;
; Add Pass-Through Logic to Inferred RAMs                          ; On                 ; On                 ;
; Infer RAMs from Raw Logic                                        ; On                 ; On                 ;
; Parallel Synthesis                                               ; On                 ; On                 ;
; DSP Block Balancing                                              ; Auto               ; Auto               ;
; NOT Gate Push-Back                                               ; On                 ; On                 ;
; Power-Up Don't Care                                              ; On                 ; On                 ;
; Remove Redundant Logic Cells                                     ; Off                ; Off                ;
; Remove Duplicate Registers                                       ; On                 ; On                 ;
; Ignore CARRY Buffers                                             ; Off                ; Off                ;
; Ignore CASCADE Buffers                                           ; Off                ; Off                ;
; Ignore GLOBAL Buffers                                            ; Off                ; Off                ;
; Ignore ROW GLOBAL Buffers                                        ; Off                ; Off                ;
; Ignore LCELL Buffers                                             ; Off                ; Off                ;
; Ignore SOFT Buffers                                              ; On                 ; On                 ;
; Limit AHDL Integers to 32 Bits                                   ; Off                ; Off                ;
; Optimization Technique                                           ; Balanced           ; Balanced           ;
; Carry Chain Length                                               ; 70                 ; 70                 ;
; Auto Carry Chains                                                ; On                 ; On                 ;
; Auto Open-Drain Pins                                             ; On                 ; On                 ;
; Perform WYSIWYG Primitive Resynthesis                            ; Off                ; Off                ;
; Auto ROM Replacement                                             ; On                 ; On                 ;
; Auto RAM Replacement                                             ; On                 ; On                 ;
; Auto DSP Block Replacement                                       ; On                 ; On                 ;
; Auto Shift Register Replacement                                  ; Auto               ; Auto               ;
; Allow Shift Register Merging across Hierarchies                  ; Auto               ; Auto               ;
; Auto Clock Enable Replacement                                    ; On                 ; On                 ;
; Strict RAM Replacement                                           ; Off                ; Off                ;
; Allow Synchronous Control Signals                                ; On                 ; On                 ;
; Force Use of Synchronous Clear Signals                           ; Off                ; Off                ;
; Auto RAM Block Balancing                                         ; On                 ; On                 ;
; Auto RAM to Logic Cell Conversion                                ; Off                ; Off                ;
; Auto Resource Sharing                                            ; Off                ; Off                ;
; Allow Any RAM Size For Recognition                               ; Off                ; Off                ;
; Allow Any ROM Size For Recognition                               ; Off                ; Off                ;
; Allow Any Shift Register Size For Recognition                    ; Off                ; Off                ;
; Use LogicLock Constraints during Resource Balancing              ; On                 ; On                 ;
; Ignore translate_off and synthesis_off directives                ; Off                ; Off                ;
; Timing-Driven Synthesis                                          ; On                 ; On                 ;
; Report Parameter Settings                                        ; On                 ; On                 ;
; Report Source Assignments                                        ; On                 ; On                 ;
; Report Connectivity Checks                                       ; On                 ; On                 ;
; Ignore Maximum Fan-Out Assignments                               ; Off                ; Off                ;
; Synchronization Register Chain Length                            ; 2                  ; 2                  ;
; Power Optimization During Synthesis                              ; Normal compilation ; Normal compilation ;
; HDL message level                                                ; Level2             ; Level2             ;
; Suppress Register Optimization Related Messages                  ; Off                ; Off                ;
; Number of Removed Registers Reported in Synthesis Report         ; 5000               ; 5000               ;
; Number of Swept Nodes Reported in Synthesis Report               ; 5000               ; 5000               ;
; Number of Inverted Registers Reported in Synthesis Report        ; 100                ; 100                ;
; Clock MUX Protection                                             ; On                 ; On                 ;
; Auto Gated Clock Conversion                                      ; Off                ; Off                ;
; Block Design Naming                                              ; Auto               ; Auto               ;
; SDC constraint protection                                        ; Off                ; Off                ;
; Synthesis Effort                                                 ; Auto               ; Auto               ;
; Shift Register Replacement - Allow Asynchronous Clear Signal     ; On                 ; On                 ;
; Pre-Mapping Resynthesis Optimization                             ; Off                ; Off                ;
; Analysis & Synthesis Message Level                               ; Medium             ; Medium             ;
; Disable Register Merging Across Hierarchies                      ; Auto               ; Auto               ;
; Resource Aware Inference For Block RAM                           ; On                 ; On                 ;
+------------------------------------------------------------------+--------------------+--------------------+


+------------------------------------------+
; Parallel Compilation                     ;
+----------------------------+-------------+
; Processors                 ; Number      ;
+----------------------------+-------------+
; Number detected on machine ; 2           ;
; Maximum allowed            ; 2           ;
;                            ;             ;
; Average used               ; 1.00        ;
; Maximum used               ; 2           ;
;                            ;             ;
; Usage by Processor         ; % Time Used ;
;     Processor 1            ; 100.0%      ;
;     Processor 2            ;   0.0%      ;
+----------------------------+-------------+


+----------------------------------------------------------------------------------------------------------------------------------+
; Analysis & Synthesis Source Files Read                                                                                           ;
+----------------------------------+-----------------+-----------------+-------------------------------------------------+---------+
; File Name with User-Entered Path ; Used in Netlist ; File Type       ; File Name with Absolute Path                    ; Library ;
+----------------------------------+-----------------+-----------------+-------------------------------------------------+---------+
; szz.vhd                          ; yes             ; User VHDL File  ; //Mac/Home/Desktop/WIN10/shuzizhong/szz.vhd     ;         ;
; counter.vhd                      ; yes             ; User VHDL File  ; //Mac/Home/Desktop/WIN10/shuzizhong/counter.vhd ;         ;
; freq.vhd                         ; yes             ; User VHDL File  ; //Mac/Home/Desktop/WIN10/shuzizhong/freq.vhd    ;         ;
; display.vhd                      ; yes             ; User VHDL File  ; //Mac/Home/Desktop/WIN10/shuzizhong/display.vhd ;         ;
; scanner.vhd                      ; yes             ; User VHDL File  ; //Mac/Home/Desktop/WIN10/shuzizhong/scanner.vhd ;         ;
+----------------------------------+-----------------+-----------------+-------------------------------------------------+---------+


+-----------------------------------------------------------------------------+
; Analysis & Synthesis Resource Usage Summary                                 ;
+---------------------------------------------+-------------------------------+
; Resource                                    ; Usage                         ;
+---------------------------------------------+-------------------------------+
; Estimated Total logic elements              ; 137                           ;
;                                             ;                               ;
; Total combinational functions               ; 136                           ;
; Logic element usage by number of LUT inputs ;                               ;
;     -- 4 input functions                    ; 88                            ;
;     -- 3 input functions                    ; 19                            ;
;     -- <=2 input functions                  ; 29                            ;
;                                             ;                               ;
; Logic elements by mode                      ;                               ;
;     -- normal mode                          ; 114                           ;
;     -- arithmetic mode                      ; 22                            ;
;                                             ;                               ;
; Total registers                             ; 60                            ;
;     -- Dedicated logic registers            ; 60                            ;
;     -- I/O registers                        ; 0                             ;
;                                             ;                               ;
; I/O pins                                    ; 18                            ;
;                                             ;                               ;
; Embedded Multiplier 9-bit elements          ; 0                             ;
;                                             ;                               ;
; Maximum fan-out node                        ; freq_div:u1|temp_counter_1KHz ;
; Maximum fan-out                             ; 21                            ;
; Total fan-out                               ; 664                           ;
; Average fan-out                             ; 2.86                          ;
+---------------------------------------------+-------------------------------+


+----------------------------------------------------------------------------------------------------------------------------------------------------------------------------------------------------------+
; Analysis & Synthesis Resource Utilization by Entity                                                                                                                                                      ;
+----------------------------+---------------------+---------------------------+-------------+--------------+---------+-----------+------+--------------+---------------------+-------------+--------------+
; Compilation Hierarchy Node ; Combinational ALUTs ; Dedicated Logic Registers ; Memory Bits ; DSP Elements ; DSP 9x9 ; DSP 18x18 ; Pins ; Virtual Pins ; Full Hierarchy Name ; Entity Name ; Library Name ;
+----------------------------+---------------------+---------------------------+-------------+--------------+---------+-----------+------+--------------+---------------------+-------------+--------------+
; |szz                       ; 136 (0)             ; 60 (0)                    ; 0           ; 0            ; 0       ; 0         ; 18   ; 0            ; |szz                ; szz         ; work         ;
;    |counter:u3|            ; 60 (60)             ; 24 (24)                   ; 0           ; 0            ; 0       ; 0         ; 0    ; 0            ; |szz|counter:u3     ; counter     ; work         ;
;    |display:u4|            ; 32 (32)             ; 0 (0)                     ; 0           ; 0            ; 0       ; 0         ; 0    ; 0            ; |szz|display:u4     ; display     ; work         ;
;    |freq_div:u1|           ; 35 (35)             ; 26 (26)                   ; 0           ; 0            ; 0       ; 0         ; 0    ; 0            ; |szz|freq_div:u1    ; freq_div    ; work         ;
;    |scanner:u2|            ; 9 (9)               ; 10 (10)                   ; 0           ; 0            ; 0       ; 0         ; 0    ; 0            ; |szz|scanner:u2     ; scanner     ; work         ;
+----------------------------+---------------------+---------------------------+-------------+--------------+---------+-----------+------+--------------+---------------------+-------------+--------------+
Note: For table entries with two numbers listed, the numbers in parentheses indicate the number of resources of the given type used by the specific entity alone. The numbers listed outside of parentheses indicate the total resources of the given type used by the specific entity and all of its sub-entities in the hierarchy.


+---------------------------------------------------------------------------------------------------+
; User-Specified and Inferred Latches                                                               ;
+----------------------------------------------------+---------------------+------------------------+
; Latch Name                                         ; Latch Enable Signal ; Free of Timing Hazards ;
+----------------------------------------------------+---------------------+------------------------+
; display:u4|dig_temp[0]                             ; display:u4|Mux9     ; yes                    ;
; display:u4|dig_temp[1]                             ; display:u4|Mux9     ; yes                    ;
; display:u4|dig_temp[2]                             ; display:u4|Mux9     ; yes                    ;
; display:u4|dig_temp[3]                             ; display:u4|Mux9     ; yes                    ;
; Number of user-specified and inferred latches = 4  ;                     ;                        ;
+----------------------------------------------------+---------------------+------------------------+
Note: All latches listed above may not be present at the end of synthesis due to various synthesis optimizations.


+---------------------------------------------------------------------------------+
; Registers Removed During Synthesis                                              ;
+----------------------------------------+----------------------------------------+
; Register name                          ; Reason for Removal                     ;
+----------------------------------------+----------------------------------------+
; scanner:u2|i[3..30]                    ; Stuck at GND due to stuck port data_in ;
; counter:u3|seccnt1[3]                  ; Stuck at GND due to stuck port data_in ;
; counter:u3|mincnt1[3]                  ; Stuck at GND due to stuck port data_in ;
; Total Number of Removed Registers = 30 ;                                        ;
+----------------------------------------+----------------------------------------+


+------------------------------------------------------+
; General Register Statistics                          ;
+----------------------------------------------+-------+
; Statistic                                    ; Value ;
+----------------------------------------------+-------+
; Total registers                              ; 60    ;
; Number of registers using Synchronous Clear  ; 24    ;
; Number of registers using Synchronous Load   ; 0     ;
; Number of registers using Asynchronous Clear ; 22    ;
; Number of registers using Asynchronous Load  ; 0     ;
; Number of registers using Clock Enable       ; 2     ;
; Number of registers using Preset             ; 0     ;
+----------------------------------------------+-------+


+--------------------------------------------------+
; Inverted Register Statistics                     ;
+----------------------------------------+---------+
; Inverted Register                      ; Fan out ;
+----------------------------------------+---------+
; scanner:u2|i[0]                        ; 9       ;
; scanner:u2|i[31]                       ; 9       ;
; Total number of inverted registers = 2 ;         ;
+----------------------------------------+---------+


+------------------------------------------------------------------------------------------------------------------------------------------+
; Multiplexer Restructuring Statistics (Restructuring Performed)                                                                           ;
+--------------------+-----------+---------------+----------------------+------------------------+------------+----------------------------+
; Multiplexer Inputs ; Bus Width ; Baseline Area ; Area if Restructured ; Saving if Restructured ; Registered ; Example Multiplexer Output ;
+--------------------+-----------+---------------+----------------------+------------------------+------------+----------------------------+
; 3:1                ; 4 bits    ; 8 LEs         ; 8 LEs                ; 0 LEs                  ; Yes        ; |szz|counter:u3|seccnt0[0] ;
; 3:1                ; 4 bits    ; 8 LEs         ; 8 LEs                ; 0 LEs                  ; Yes        ; |szz|counter:u3|mincnt0[2] ;
; 3:1                ; 4 bits    ; 8 LEs         ; 4 LEs                ; 4 LEs                  ; Yes        ; |szz|counter:u3|houcnt0[1] ;
; 3:1                ; 4 bits    ; 8 LEs         ; 4 LEs                ; 4 LEs                  ; Yes        ; |szz|counter:u3|houcnt1[0] ;
; 6:1                ; 4 bits    ; 16 LEs        ; 16 LEs               ; 0 LEs                  ; No         ; |szz|display:u4|Mux12      ;
+--------------------+-----------+---------------+----------------------+------------------------+------------+----------------------------+


+--------------------------------------------------------------------------------------------------------------------+
; Port Connectivity Checks: "counter:u3"                                                                             ;
+----------+--------+----------+-------------------------------------------------------------------------------------+
; Port     ; Type   ; Severity ; Details                                                                             ;
+----------+--------+----------+-------------------------------------------------------------------------------------+
; secen    ; Input  ; Info     ; Stuck at VCC                                                                        ;
; minen    ; Input  ; Info     ; Stuck at VCC                                                                        ;
; houen    ; Input  ; Info     ; Stuck at VCC                                                                        ;
; seccarry ; Output ; Info     ; Connected to dangling logic. Logic that only feeds a dangling port will be removed. ;
; mincarry ; Output ; Info     ; Connected to dangling logic. Logic that only feeds a dangling port will be removed. ;
+----------+--------+----------+-------------------------------------------------------------------------------------+


+-----------------------------------------------------+
; Post-Synthesis Netlist Statistics for Top Partition ;
+-----------------------+-----------------------------+
; Type                  ; Count                       ;
+-----------------------+-----------------------------+
; boundary_port         ; 18                          ;
; cycloneiii_ff         ; 60                          ;
;     CLR               ; 22                          ;
;     ENA               ; 2                           ;
;     SCLR              ; 24                          ;
;     plain             ; 12                          ;
; cycloneiii_lcell_comb ; 138                         ;
;     arith             ; 22                          ;
;         2 data inputs ; 22                          ;
;     normal            ; 116                         ;
;         0 data inputs ; 1                           ;
;         1 data inputs ; 3                           ;
;         2 data inputs ; 5                           ;
;         3 data inputs ; 19                          ;
;         4 data inputs ; 88                          ;
;                       ;                             ;
; Max LUT depth         ; 5.00                        ;
; Average LUT depth     ; 2.77                        ;
+-----------------------+-----------------------------+


+-------------------------------+
; Elapsed Time Per Partition    ;
+----------------+--------------+
; Partition Name ; Elapsed Time ;
+----------------+--------------+
; Top            ; 00:00:01     ;
+----------------+--------------+


+-------------------------------+
; Analysis & Synthesis Messages ;
+-------------------------------+
Info: *******************************************************************
Info: Running Quartus Prime Analysis & Synthesis
    Info: Version 18.0.0 Build 614 04/24/2018 SJ Lite Edition
    Info: Processing started: Fri Jul 06 20:40:39 2018
Info: Command: quartus_map --read_settings_files=on --write_settings_files=off shuzizhong -c shuzizhong
Warning (18236): Number of processors has not been specified which may cause overloading on shared machines.  Set the global assignment NUM_PARALLEL_PROCESSORS in your QSF to an appropriate value for best performance.
Info (20030): Parallel compilation is enabled and will use 2 of the 2 processors detected
Info (12021): Found 2 design units, including 1 entities, in source file szz.vhd
    Info (12022): Found design unit 1: szz-Behavioral File: //Mac/Home/Desktop/WIN10/shuzizhong/szz.vhd Line: 16
    Info (12023): Found entity 1: szz File: //Mac/Home/Desktop/WIN10/shuzizhong/szz.vhd Line: 6
Info (12021): Found 2 design units, including 1 entities, in source file counter.vhd
    Info (12022): Found design unit 1: counter-mc File: //Mac/Home/Desktop/WIN10/shuzizhong/counter.vhd Line: 16
    Info (12023): Found entity 1: counter File: //Mac/Home/Desktop/WIN10/shuzizhong/counter.vhd Line: 4
Info (12021): Found 2 design units, including 1 entities, in source file freq.vhd
    Info (12022): Found design unit 1: freq_div-Behavioral File: //Mac/Home/Desktop/WIN10/shuzizhong/freq.vhd Line: 12
    Info (12023): Found entity 1: freq_div File: //Mac/Home/Desktop/WIN10/shuzizhong/freq.vhd Line: 6
Info (12021): Found 2 design units, including 1 entities, in source file display.vhd
    Info (12022): Found design unit 1: display-Behavioral File: //Mac/Home/Desktop/WIN10/shuzizhong/display.vhd Line: 13
    Info (12023): Found entity 1: display File: //Mac/Home/Desktop/WIN10/shuzizhong/display.vhd Line: 6
Info (12021): Found 2 design units, including 1 entities, in source file scanner.vhd
    Info (12022): Found design unit 1: scanner-Behavioral File: //Mac/Home/Desktop/WIN10/shuzizhong/scanner.vhd Line: 11
    Info (12023): Found entity 1: scanner File: //Mac/Home/Desktop/WIN10/shuzizhong/scanner.vhd Line: 6
Info (12021): Found 1 design units, including 1 entities, in source file block2.bdf
    Info (12023): Found entity 1: block2
Info (12127): Elaborating entity "szz" for the top level hierarchy
Warning (10036): Verilog HDL or VHDL warning at szz.vhd(20): object "secc" assigned a value but never read File: //Mac/Home/Desktop/WIN10/shuzizhong/szz.vhd Line: 20
Warning (10036): Verilog HDL or VHDL warning at szz.vhd(20): object "minc" assigned a value but never read File: //Mac/Home/Desktop/WIN10/shuzizhong/szz.vhd Line: 20
Info (12128): Elaborating entity "freq_div" for hierarchy "freq_div:u1" File: //Mac/Home/Desktop/WIN10/shuzizhong/szz.vhd Line: 59
Warning (10492): VHDL Process Statement warning at freq.vhd(32): signal "temp_counter_1KHz" is read inside the Process Statement but isn't in the Process Statement's sensitivity list File: //Mac/Home/Desktop/WIN10/shuzizhong/freq.vhd Line: 32
Warning (10492): VHDL Process Statement warning at freq.vhd(48): signal "temp_counter_1Hz" is read inside the Process Statement but isn't in the Process Statement's sensitivity list File: //Mac/Home/Desktop/WIN10/shuzizhong/freq.vhd Line: 48
Info (12128): Elaborating entity "scanner" for hierarchy "scanner:u2" File: //Mac/Home/Desktop/WIN10/shuzizhong/szz.vhd Line: 60
Info (12128): Elaborating entity "counter" for hierarchy "counter:u3" File: //Mac/Home/Desktop/WIN10/shuzizhong/szz.vhd Line: 61
Warning (10492): VHDL Process Statement warning at counter.vhd(24): signal "clr" is read inside the Process Statement but isn't in the Process Statement's sensitivity list File: //Mac/Home/Desktop/WIN10/shuzizhong/counter.vhd Line: 24
Warning (10492): VHDL Process Statement warning at counter.vhd(24): signal "set" is read inside the Process Statement but isn't in the Process Statement's sensitivity list File: //Mac/Home/Desktop/WIN10/shuzizhong/counter.vhd Line: 24
Warning (10492): VHDL Process Statement warning at counter.vhd(25): signal "clr" is read inside the Process Statement but isn't in the Process Statement's sensitivity list File: //Mac/Home/Desktop/WIN10/shuzizhong/counter.vhd Line: 25
Warning (10492): VHDL Process Statement warning at counter.vhd(29): signal "set" is read inside the Process Statement but isn't in the Process Statement's sensitivity list File: //Mac/Home/Desktop/WIN10/shuzizhong/counter.vhd Line: 29
Warning (10492): VHDL Process Statement warning at counter.vhd(51): signal "seccnt1" is read inside the Process Statement but isn't in the Process Statement's sensitivity list File: //Mac/Home/Desktop/WIN10/shuzizhong/counter.vhd Line: 51
Warning (10492): VHDL Process Statement warning at counter.vhd(52): signal "seccnt0" is read inside the Process Statement but isn't in the Process Statement's sensitivity list File: //Mac/Home/Desktop/WIN10/shuzizhong/counter.vhd Line: 52
Warning (10492): VHDL Process Statement warning at counter.vhd(53): signal "seccarry" is read inside the Process Statement but isn't in the Process Statement's sensitivity list File: //Mac/Home/Desktop/WIN10/shuzizhong/counter.vhd Line: 53
Warning (10492): VHDL Process Statement warning at counter.vhd(58): signal "clr" is read inside the Process Statement but isn't in the Process Statement's sensitivity list File: //Mac/Home/Desktop/WIN10/shuzizhong/counter.vhd Line: 58
Warning (10492): VHDL Process Statement warning at counter.vhd(58): signal "set" is read inside the Process Statement but isn't in the Process Statement's sensitivity list File: //Mac/Home/Desktop/WIN10/shuzizhong/counter.vhd Line: 58
Warning (10492): VHDL Process Statement warning at counter.vhd(59): signal "clr" is read inside the Process Statement but isn't in the Process Statement's sensitivity list File: //Mac/Home/Desktop/WIN10/shuzizhong/counter.vhd Line: 59
Warning (10492): VHDL Process Statement warning at counter.vhd(63): signal "set" is read inside the Process Statement but isn't in the Process Statement's sensitivity list File: //Mac/Home/Desktop/WIN10/shuzizhong/counter.vhd Line: 63
Warning (10492): VHDL Process Statement warning at counter.vhd(85): signal "mincnt1" is read inside the Process Statement but isn't in the Process Statement's sensitivity list File: //Mac/Home/Desktop/WIN10/shuzizhong/counter.vhd Line: 85
Warning (10492): VHDL Process Statement warning at counter.vhd(86): signal "mincnt0" is read inside the Process Statement but isn't in the Process Statement's sensitivity list File: //Mac/Home/Desktop/WIN10/shuzizhong/counter.vhd Line: 86
Warning (10492): VHDL Process Statement warning at counter.vhd(87): signal "mincarry" is read inside the Process Statement but isn't in the Process Statement's sensitivity list File: //Mac/Home/Desktop/WIN10/shuzizhong/counter.vhd Line: 87
Warning (10492): VHDL Process Statement warning at counter.vhd(92): signal "clr" is read inside the Process Statement but isn't in the Process Statement's sensitivity list File: //Mac/Home/Desktop/WIN10/shuzizhong/counter.vhd Line: 92
Warning (10492): VHDL Process Statement warning at counter.vhd(92): signal "set" is read inside the Process Statement but isn't in the Process Statement's sensitivity list File: //Mac/Home/Desktop/WIN10/shuzizhong/counter.vhd Line: 92
Warning (10492): VHDL Process Statement warning at counter.vhd(93): signal "clr" is read inside the Process Statement but isn't in the Process Statement's sensitivity list File: //Mac/Home/Desktop/WIN10/shuzizhong/counter.vhd Line: 93
Warning (10492): VHDL Process Statement warning at counter.vhd(97): signal "set" is read inside the Process Statement but isn't in the Process Statement's sensitivity list File: //Mac/Home/Desktop/WIN10/shuzizhong/counter.vhd Line: 97
Warning (10492): VHDL Process Statement warning at counter.vhd(116): signal "houcnt1" is read inside the Process Statement but isn't in the Process Statement's sensitivity list File: //Mac/Home/Desktop/WIN10/shuzizhong/counter.vhd Line: 116
Warning (10492): VHDL Process Statement warning at counter.vhd(117): signal "houcnt0" is read inside the Process Statement but isn't in the Process Statement's sensitivity list File: //Mac/Home/Desktop/WIN10/shuzizhong/counter.vhd Line: 117
Info (12128): Elaborating entity "display" for hierarchy "display:u4" File: //Mac/Home/Desktop/WIN10/shuzizhong/szz.vhd Line: 62
Warning (10492): VHDL Process Statement warning at display.vhd(32): signal "dig_temp" is read inside the Process Statement but isn't in the Process Statement's sensitivity list File: //Mac/Home/Desktop/WIN10/shuzizhong/display.vhd Line: 32
Warning (10631): VHDL Process Statement warning at display.vhd(19): inferring latch(es) for signal or variable "dig_temp", which holds its previous value in one or more paths through the process File: //Mac/Home/Desktop/WIN10/shuzizhong/display.vhd Line: 19
Info (10041): Inferred latch for "dig_temp[0]" at display.vhd(19) File: //Mac/Home/Desktop/WIN10/shuzizhong/display.vhd Line: 19
Info (10041): Inferred latch for "dig_temp[1]" at display.vhd(19) File: //Mac/Home/Desktop/WIN10/shuzizhong/display.vhd Line: 19
Info (10041): Inferred latch for "dig_temp[2]" at display.vhd(19) File: //Mac/Home/Desktop/WIN10/shuzizhong/display.vhd Line: 19
Info (10041): Inferred latch for "dig_temp[3]" at display.vhd(19) File: //Mac/Home/Desktop/WIN10/shuzizhong/display.vhd Line: 19
Warning (13012): Latch display:u4|dig_temp[0] has unsafe behavior File: //Mac/Home/Desktop/WIN10/shuzizhong/display.vhd Line: 19
    Warning (13013): Ports D and ENA on the latch are fed by the same signal scanner:u2|led_sel[5] File: //Mac/Home/Desktop/WIN10/shuzizhong/scanner.vhd Line: 22
Warning (13012): Latch display:u4|dig_temp[1] has unsafe behavior File: //Mac/Home/Desktop/WIN10/shuzizhong/display.vhd Line: 19
    Warning (13013): Ports D and ENA on the latch are fed by the same signal scanner:u2|led_sel[5] File: //Mac/Home/Desktop/WIN10/shuzizhong/scanner.vhd Line: 22
Warning (13012): Latch display:u4|dig_temp[2] has unsafe behavior File: //Mac/Home/Desktop/WIN10/shuzizhong/display.vhd Line: 19
    Warning (13013): Ports D and ENA on the latch are fed by the same signal scanner:u2|led_sel[5] File: //Mac/Home/Desktop/WIN10/shuzizhong/scanner.vhd Line: 22
Warning (13012): Latch display:u4|dig_temp[3] has unsafe behavior File: //Mac/Home/Desktop/WIN10/shuzizhong/display.vhd Line: 19
    Warning (13013): Ports D and ENA on the latch are fed by the same signal scanner:u2|led_sel[5] File: //Mac/Home/Desktop/WIN10/shuzizhong/scanner.vhd Line: 22
Warning (13004): Presettable and clearable registers converted to equivalent circuits with latches. Registers power-up to an undefined state, and DEVCLRn places the registers in an undefined state.
    Warning (13310): Register "counter:u3|seccnt1[0]" is converted into an equivalent circuit using register "counter:u3|seccnt1[0]~_emulated" and latch "counter:u3|seccnt1[0]~1" File: //Mac/Home/Desktop/WIN10/shuzizhong/counter.vhd Line: 24
    Warning (13310): Register "counter:u3|mincnt0[0]" is converted into an equivalent circuit using register "counter:u3|mincnt0[0]~_emulated" and latch "counter:u3|seccnt1[0]~1" File: //Mac/Home/Desktop/WIN10/shuzizhong/counter.vhd Line: 58
    Warning (13310): Register "counter:u3|mincnt1[0]" is converted into an equivalent circuit using register "counter:u3|mincnt1[0]~_emulated" and latch "counter:u3|seccnt1[0]~1" File: //Mac/Home/Desktop/WIN10/shuzizhong/counter.vhd Line: 58
    Warning (13310): Register "counter:u3|seccnt0[0]" is converted into an equivalent circuit using register "counter:u3|seccnt0[0]~_emulated" and latch "counter:u3|seccnt1[0]~1" File: //Mac/Home/Desktop/WIN10/shuzizhong/counter.vhd Line: 24
    Warning (13310): Register "counter:u3|seccnt1[2]" is converted into an equivalent circuit using register "counter:u3|seccnt1[2]~_emulated" and latch "counter:u3|seccnt1[0]~1" File: //Mac/Home/Desktop/WIN10/shuzizhong/counter.vhd Line: 24
    Warning (13310): Register "counter:u3|mincnt1[2]" is converted into an equivalent circuit using register "counter:u3|mincnt1[2]~_emulated" and latch "counter:u3|seccnt1[0]~1" File: //Mac/Home/Desktop/WIN10/shuzizhong/counter.vhd Line: 58
    Warning (13310): Register "counter:u3|seccnt0[2]" is converted into an equivalent circuit using register "counter:u3|seccnt0[2]~_emulated" and latch "counter:u3|seccnt1[0]~1" File: //Mac/Home/Desktop/WIN10/shuzizhong/counter.vhd Line: 24
    Warning (13310): Register "counter:u3|mincnt0[3]" is converted into an equivalent circuit using register "counter:u3|mincnt0[3]~_emulated" and latch "counter:u3|seccnt1[0]~1" File: //Mac/Home/Desktop/WIN10/shuzizhong/counter.vhd Line: 58
Warning (13024): Output pins are stuck at VCC or GND
    Warning (13410): Pin "speaker" is stuck at VCC File: //Mac/Home/Desktop/WIN10/shuzizhong/szz.vhd Line: 10
Info (286030): Timing-Driven Synthesis is running
Info (16010): Generating hard_block partition "hard_block:auto_generated_inst"
    Info (16011): Adding 0 node(s), including 0 DDIO, 0 PLL, 0 transceiver and 0 LCELL
Info (21057): Implemented 155 device resources after synthesis - the final resource count might be different
    Info (21058): Implemented 3 input pins
    Info (21059): Implemented 15 output pins
    Info (21061): Implemented 137 logic cells
Info: Quartus Prime Analysis & Synthesis was successful. 0 errors, 46 warnings
    Info: Peak virtual memory: 4820 megabytes
    Info: Processing ended: Fri Jul 06 20:41:22 2018
    Info: Elapsed time: 00:00:43
    Info: Total CPU time (on all processors): 00:00:40


